  Compiling CUDA source file Kernel.cu...
  
  c:\Users\usager\documents\visual studio 2015\Projects\Backgroundsubstraction-Cuda\Backgroundsubstraction-Cuda>"C:\Program Files\NVIDIA GPU Computing Toolkit\CUDA\v9.2\bin\nvcc.exe" -gencode=arch=compute_30,code=\"sm_30,compute_30\" --use-local-env -ccbin "C:\Program Files (x86)\Microsoft Visual Studio 14.0\VC\bin\x86_amd64" -x cu  -IC:\opencv\..\..\include -IC:\opencv\build\include -I"C:\Program Files\NVIDIA GPU Computing Toolkit\CUDA\v9.2\include" -I"C:\Program Files\NVIDIA GPU Computing Toolkit\CUDA\v9.2\include"  -G   --keep-dir x64\Debug -maxrregcount=0  --machine 64 --compile -cudart static  -g   -D_DEBUG -D_CONSOLE -D_UNICODE -DUNICODE -Xcompiler "/EHsc /W3 /nologo /Od /Fdx64\Debug\vc140.pdb /FS /Zi /RTC1 /MDd " -o x64\Debug\Kernel.cu.obj "c:\Users\usager\documents\visual studio 2015\Projects\Backgroundsubstraction-Cuda\Backgroundsubstraction-Cuda\Kernel.cu" 
c:/Users/usager/documents/visual studio 2015/Projects/Backgroundsubstraction-Cuda/Backgroundsubstraction-Cuda/Kernel.cu(18): warning C4005: 'CV_64FC1'á: redÚfinition de macro
c:/Users/usager/documents/visual studio 2015/Projects/Backgroundsubstraction-Cuda/Backgroundsubstraction-Cuda/Kernel.cu(19): warning C4005: 'CV_32F'á: redÚfinition de macro
c:/Users/usager/documents/visual studio 2015/Projects/Backgroundsubstraction-Cuda/Backgroundsubstraction-Cuda/Kernel.cu(20): warning C4005: 'CV_8U'á: redÚfinition de macro
C:\Program Files (x86)\Windows Kits\10\Include\10.0.10240.0\ucrt\tchar.h(643): warning : expression has no effect
c:/Users/usager/documents/visual studio 2015/Projects/Backgroundsubstraction-Cuda/Backgroundsubstraction-Cuda/Kernel.cu(112): warning : transfer of control bypasses initialization of:
c:/Users/usager/documents/visual studio 2015/Projects/Backgroundsubstraction-Cuda/Backgroundsubstraction-Cuda/Kernel.cu(119): warning : transfer of control bypasses initialization of:
c:/Users/usager/documents/visual studio 2015/Projects/Backgroundsubstraction-Cuda/Backgroundsubstraction-Cuda/Kernel.cu(186): warning : variable "saturation" was declared but never referenced
c:/Users/usager/documents/visual studio 2015/Projects/Backgroundsubstraction-Cuda/Backgroundsubstraction-Cuda/Kernel.cu(187): warning : variable "value" was declared but never referenced
c:/Users/usager/documents/visual studio 2015/Projects/Backgroundsubstraction-Cuda/Backgroundsubstraction-Cuda/Kernel.cu(18): warning C4005: 'CV_64FC1'á: redÚfinition de macro
c:/Users/usager/documents/visual studio 2015/Projects/Backgroundsubstraction-Cuda/Backgroundsubstraction-Cuda/Kernel.cu(19): warning C4005: 'CV_32F'á: redÚfinition de macro
c:/Users/usager/documents/visual studio 2015/Projects/Backgroundsubstraction-Cuda/Backgroundsubstraction-Cuda/Kernel.cu(20): warning C4005: 'CV_8U'á: redÚfinition de macro
C:\Program Files (x86)\Windows Kits\10\Include\10.0.10240.0\ucrt\tchar.h(643): warning : expression has no effect
c:/Users/usager/documents/visual studio 2015/Projects/Backgroundsubstraction-Cuda/Backgroundsubstraction-Cuda/Kernel.cu(112): warning : transfer of control bypasses initialization of:
c:/Users/usager/documents/visual studio 2015/Projects/Backgroundsubstraction-Cuda/Backgroundsubstraction-Cuda/Kernel.cu(119): warning : transfer of control bypasses initialization of:
  Kernel.cu
c:/Users/usager/documents/visual studio 2015/Projects/Backgroundsubstraction-Cuda/Backgroundsubstraction-Cuda/Kernel.cu(105): warning C4267: 'initialisation' : conversion de 'size_t' en 'unsigned int', perte possible de données
c:/Users/usager/documents/visual studio 2015/Projects/Backgroundsubstraction-Cuda/Backgroundsubstraction-Cuda/Kernel.cu(138): warning C4267: 'argument' : conversion de 'size_t' en 'int', perte possible de données
c:/Users/usager/documents/visual studio 2015/Projects/Backgroundsubstraction-Cuda/Backgroundsubstraction-Cuda/Kernel.cu(167): warning C4800: 'cudaError_t' : valeur forcée à la valeur booléenne 'true' ou 'false' (avertissement sur les performances)
c:/Users/usager/documents/visual studio 2015/Projects/Backgroundsubstraction-Cuda/Backgroundsubstraction-Cuda/Kernel.cu(163): warning C4533: l'initialisation de 'dimGrid' est ignorée par 'goto Error'
  c:/Users/usager/documents/visual studio 2015/Projects/Backgroundsubstraction-Cuda/Backgroundsubstraction-Cuda/Kernel.cu(125): note: voir la déclaration de 'dimGrid'
  c:/Users/usager/documents/visual studio 2015/Projects/Backgroundsubstraction-Cuda/Backgroundsubstraction-Cuda/Kernel.cu(163): note: voir la déclaration de 'Error'
c:/Users/usager/documents/visual studio 2015/Projects/Backgroundsubstraction-Cuda/Backgroundsubstraction-Cuda/Kernel.cu(163): warning C4533: l'initialisation de 'dimBlock' est ignorée par 'goto Error'
  c:/Users/usager/documents/visual studio 2015/Projects/Backgroundsubstraction-Cuda/Backgroundsubstraction-Cuda/Kernel.cu(123): note: voir la déclaration de 'dimBlock'
  c:/Users/usager/documents/visual studio 2015/Projects/Backgroundsubstraction-Cuda/Backgroundsubstraction-Cuda/Kernel.cu(163): note: voir la déclaration de 'Error'
c:/Users/usager/documents/visual studio 2015/Projects/Backgroundsubstraction-Cuda/Backgroundsubstraction-Cuda/Kernel.cu(212): warning C4267: 'initialisation' : conversion de 'size_t' en 'uint', perte possible de données
c:/Users/usager/documents/visual studio 2015/Projects/Backgroundsubstraction-Cuda/Backgroundsubstraction-Cuda/Kernel.cu(225): warning C4267: 'argument' : conversion de 'size_t' en 'int', perte possible de données
c:/Users/usager/documents/visual studio 2015/Projects/Backgroundsubstraction-Cuda/Backgroundsubstraction-Cuda/Kernel.cu(253): warning C4800: 'cudaError_t' : valeur forcée à la valeur booléenne 'true' ou 'false' (avertissement sur les performances)
  Backgroundsubstraction-Cuda.cpp
c:\users\usager\documents\visual studio 2015\projects\backgroundsubstraction-cuda\backgroundsubstraction-cuda\axiscommunication.h(92): warning C4251: 'Axis::results' : class 'std::basic_string<char,std::char_traits<char>,std::allocator<char>>' nécessite une interface DLL pour être utilisé(e) par les clients de class 'Axis'
c:\users\usager\documents\visual studio 2015\projects\backgroundsubstraction-cuda\backgroundsubstraction-cuda\axiscommunication.h(93): warning C4251: 'Axis::ErrorMsg' : class 'std::basic_string<char,std::char_traits<char>,std::allocator<char>>' nécessite une interface DLL pour être utilisé(e) par les clients de class 'Axis'
c:\users\usager\documents\visual studio 2015\projects\backgroundsubstraction-cuda\backgroundsubstraction-cuda\axiscommunication.h(95): warning C4251: 'Axis::CamIpAdress' : class 'std::basic_string<char,std::char_traits<char>,std::allocator<char>>' nécessite une interface DLL pour être utilisé(e) par les clients de class 'Axis'
c:\users\usager\documents\visual studio 2015\projects\backgroundsubstraction-cuda\backgroundsubstraction-cuda\axiscommunication.h(98): warning C4251: 'Axis::video_capture' : class 'cv::VideoCapture' nécessite une interface DLL pour être utilisé(e) par les clients de class 'Axis'
  c:\opencv\build\include\opencv2\videoio.hpp(608): note: voir la déclaration de 'cv::VideoCapture'
c:\users\usager\documents\visual studio 2015\projects\backgroundsubstraction-cuda\backgroundsubstraction-cuda\axiscommunication.h(99): warning C4251: 'Axis::UserName' : class 'std::basic_string<char,std::char_traits<char>,std::allocator<char>>' nécessite une interface DLL pour être utilisé(e) par les clients de class 'Axis'
c:\users\usager\documents\visual studio 2015\projects\backgroundsubstraction-cuda\backgroundsubstraction-cuda\axiscommunication.h(100): warning C4251: 'Axis::Password' : class 'std::basic_string<char,std::char_traits<char>,std::allocator<char>>' nécessite une interface DLL pour être utilisé(e) par les clients de class 'Axis'
  Backgroundsubstraction-Cuda.vcxproj -> c:\users\usager\documents\visual studio 2015\Projects\Backgroundsubstraction-Cuda\x64\Debug\Backgroundsubstraction-Cuda.exe
